<?xml version="1.0" encoding="UTF-8"?>
<!-- Generated by org.testng.reporters.JUnitXMLReporter -->
<testsuite ignored="0" hostname="KRISHNA-450-6V93" failures="0" tests="4" name="ToolsQA" time="0.048" errors="0" timestamp="2023-02-01T17:42:19 IST">
  <testcase classname="com.testng.prac.testngDependentXML" name="OpenBrowser" time="0.006"/>
  <testcase classname="com.testng.prac.testngDependentXML" name="LogIn" time="0.001"/>
  <testcase classname="com.testng.prac.testngDependentXML" name="ViewAcc" time="0.001"/>
  <testcase classname="com.testng.prac.testngDependentXML" name="CloseAccount" time="0.001"/>
</testsuite> <!-- ToolsQA -->
