<?xml version="1.0" encoding="UTF-8"?>
<!-- Generated by org.testng.reporters.JUnitXMLReporter -->
<testsuite ignored="0" hostname="KRISHNA-450-6V93" failures="0" tests="3" name="Google" time="2.472" errors="0" timestamp="2023-02-11T14:19:16 IST">
  <testcase classname="com.practice.practice.Testng1" name="a" time="1.094"/>
  <testcase classname="com.practice.practice.Testng1" name="b" time="0.01"/>
  <testcase classname="com.practice.practice.Testng1" name="c" time="1.342"/>
</testsuite> <!-- Google -->
