<?xml version="1.0" encoding="UTF-8"?>
<!-- Generated by org.testng.reporters.JUnitXMLReporter -->
<testsuite ignored="0" hostname="KRISHNA-450-6V93" failures="0" tests="3" name="ToolsQA" time="0.043" errors="0" timestamp="2023-02-01T17:35:13 IST">
  <testcase classname="com.testng.prac.groupDependentTestng" name="LogIn" time="0.006"/>
  <testcase classname="com.testng.prac.groupDependentTestng" name="OpenBrowser" time="0.001"/>
  <testcase classname="com.testng.prac.groupDependentTestng" name="viewAcc" time="0.001"/>
</testsuite> <!-- ToolsQA -->
